  [1m[35m (0.1ms)[0m  [1m[34mSELECT pg_try_advisory_lock(3647636766673493265);[0m
  [1m[36mActiveRecord::SchemaMigration Load (0.4ms)[0m  [1m[34mSELECT "schema_migrations".* FROM "schema_migrations"[0m
  [1m[36mActiveRecord::InternalMetadata Load (0.3ms)[0m  [1m[34mSELECT  "ar_internal_metadata".* FROM "ar_internal_metadata" WHERE "ar_internal_metadata"."key" = $1 LIMIT $2[0m  [["key", :environment], ["LIMIT", 1]]
  [1m[35m (0.1ms)[0m  [1m[35mBEGIN[0m
  [1m[35mSQL (0.4ms)[0m  [1m[32mINSERT INTO "ar_internal_metadata" ("key", "value", "created_at", "updated_at") VALUES ($1, $2, $3, $4) RETURNING "key"[0m  [["key", "environment"], ["value", "development"], ["created_at", 2017-04-27 02:35:54 UTC], ["updated_at", 2017-04-27 02:35:54 UTC]]
  [1m[35m (11.3ms)[0m  [1m[35mCOMMIT[0m
  [1m[35m (0.2ms)[0m  [1m[34mSELECT pg_advisory_unlock(3647636766673493265)[0m
  [1m[36mActiveRecord::SchemaMigration Load (0.2ms)[0m  [1m[34mSELECT "schema_migrations".* FROM "schema_migrations"[0m
Started GET "/" for 127.0.0.1 at 2017-04-27 09:36:24 +0700
  [1m[36mActiveRecord::SchemaMigration Load (0.5ms)[0m  [1m[34mSELECT "schema_migrations".* FROM "schema_migrations"[0m
Processing by PageController#home as HTML
  Rendering page/home.html.erb within layouts/application
  [1m[36mUser Load (0.9ms)[0m  [1m[34mSELECT  "users".* FROM "users" WHERE "users"."id" = $1 ORDER BY "users"."id" ASC LIMIT $2[0m  [["id", 1], ["LIMIT", 1]]
  Rendered page/home.html.erb within layouts/application (17.3ms)
Completed 200 OK in 5929ms (Views: 5916.6ms | ActiveRecord: 4.6ms)


Started GET "/users/sign_in" for 127.0.0.1 at 2017-04-27 09:36:33 +0700
Processing by Devise::SessionsController#new as HTML
  Rendering /var/lib/gems/2.3.0/gems/devise-4.2.0/app/views/devise/sessions/new.html.erb within layouts/application
  Rendered /var/lib/gems/2.3.0/gems/devise-4.2.0/app/views/devise/shared/_links.html.erb (1.4ms)
  Rendered /var/lib/gems/2.3.0/gems/devise-4.2.0/app/views/devise/sessions/new.html.erb within layouts/application (26.4ms)
Completed 200 OK in 107ms (Views: 84.5ms | ActiveRecord: 0.0ms)


Started POST "/users/sign_in" for 127.0.0.1 at 2017-04-27 09:36:46 +0700
Processing by Devise::SessionsController#create as HTML
  Parameters: {"utf8"=>"✓", "authenticity_token"=>"euybwsBufbDovD3CxXxu/yMy9Wtx9bUzD0diP5asRjZxOvjJW56nXJhy4+GDWr8bpAFLnV5xyY3GAX9HNk7xGg==", "user"=>{"email"=>"sky@gmail.com", "password"=>"[FILTERED]", "remember_me"=>"0"}, "commit"=>"Log in"}
  [1m[36mUser Load (1.8ms)[0m  [1m[34mSELECT  "users".* FROM "users" WHERE "users"."email" = $1 ORDER BY "users"."id" ASC LIMIT $2[0m  [["email", "sky@gmail.com"], ["LIMIT", 1]]
Completed 401 Unauthorized in 10ms (ActiveRecord: 1.8ms)


Processing by Devise::SessionsController#new as HTML
  Parameters: {"utf8"=>"✓", "authenticity_token"=>"euybwsBufbDovD3CxXxu/yMy9Wtx9bUzD0diP5asRjZxOvjJW56nXJhy4+GDWr8bpAFLnV5xyY3GAX9HNk7xGg==", "user"=>{"email"=>"sky@gmail.com", "password"=>"[FILTERED]", "remember_me"=>"0"}, "commit"=>"Log in"}
  Rendering /var/lib/gems/2.3.0/gems/devise-4.2.0/app/views/devise/sessions/new.html.erb within layouts/application
  Rendered /var/lib/gems/2.3.0/gems/devise-4.2.0/app/views/devise/shared/_links.html.erb (1.9ms)
  Rendered /var/lib/gems/2.3.0/gems/devise-4.2.0/app/views/devise/sessions/new.html.erb within layouts/application (7.0ms)
Completed 200 OK in 253ms (Views: 69.3ms | ActiveRecord: 0.0ms)


Started GET "/users/sign_up" for 127.0.0.1 at 2017-04-27 09:36:48 +0700
Processing by Devise::RegistrationsController#new as HTML
  Rendering /var/lib/gems/2.3.0/gems/devise-4.2.0/app/views/devise/registrations/new.html.erb within layouts/application
  Rendered /var/lib/gems/2.3.0/gems/devise-4.2.0/app/views/devise/shared/_links.html.erb (1.8ms)
  Rendered /var/lib/gems/2.3.0/gems/devise-4.2.0/app/views/devise/registrations/new.html.erb within layouts/application (7.8ms)
Completed 200 OK in 82ms (Views: 80.7ms | ActiveRecord: 0.0ms)


Started POST "/users" for 127.0.0.1 at 2017-04-27 09:37:05 +0700
Processing by Devise::RegistrationsController#create as HTML
  Parameters: {"utf8"=>"✓", "authenticity_token"=>"pNntBAafB1hsf62FXZ0OK9NX/hglxJhJVSioBiX0HaQXBOh/BVnbPNRFclUjfwc4mJ+VyTI5qtyF4IJEH7ZneQ==", "user"=>{"email"=>"sky@gmail.com", "password"=>"[FILTERED]", "password_confirmation"=>"[FILTERED]"}, "commit"=>"Sign up"}
  [1m[35m (0.2ms)[0m  [1m[35mBEGIN[0m
  [1m[36mUser Exists (0.4ms)[0m  [1m[34mSELECT  1 AS one FROM "users" WHERE "users"."email" = $1 LIMIT $2[0m  [["email", "sky@gmail.com"], ["LIMIT", 1]]
  [1m[35mSQL (0.8ms)[0m  [1m[32mINSERT INTO "users" ("email", "encrypted_password", "created_at", "updated_at") VALUES ($1, $2, $3, $4) RETURNING "id"[0m  [["email", "sky@gmail.com"], ["encrypted_password", "$2a$11$Doe/WUoPK4cF1mHVo5Ugu.0I4epO7Lifi4DPXniO8rfoqGVxeNuzW"], ["created_at", 2017-04-27 02:37:06 UTC], ["updated_at", 2017-04-27 02:37:06 UTC]]
  [1m[35m (16.2ms)[0m  [1m[35mCOMMIT[0m
  [1m[35m (0.2ms)[0m  [1m[35mBEGIN[0m
  [1m[35mSQL (0.5ms)[0m  [1m[33mUPDATE "users" SET "sign_in_count" = $1, "current_sign_in_at" = $2, "last_sign_in_at" = $3, "current_sign_in_ip" = $4, "last_sign_in_ip" = $5, "updated_at" = $6 WHERE "users"."id" = $7[0m  [["sign_in_count", 1], ["current_sign_in_at", 2017-04-27 02:37:06 UTC], ["last_sign_in_at", 2017-04-27 02:37:06 UTC], ["current_sign_in_ip", "127.0.0.1/32"], ["last_sign_in_ip", "127.0.0.1/32"], ["updated_at", 2017-04-27 02:37:06 UTC], ["id", 1]]
  [1m[35m (6.9ms)[0m  [1m[35mCOMMIT[0m
Redirected to http://localhost:3000/
Completed 302 Found in 267ms (ActiveRecord: 25.3ms)


Started GET "/" for 127.0.0.1 at 2017-04-27 09:37:06 +0700
Processing by PageController#home as HTML
  Rendering page/home.html.erb within layouts/application
  [1m[36mUser Load (0.5ms)[0m  [1m[34mSELECT  "users".* FROM "users" WHERE "users"."id" = $1 ORDER BY "users"."id" ASC LIMIT $2[0m  [["id", 1], ["LIMIT", 1]]
  Rendered page/home.html.erb within layouts/application (2.8ms)
Completed 200 OK in 55ms (Views: 53.8ms | ActiveRecord: 0.5ms)


Started GET "/" for 127.0.0.1 at 2017-04-27 09:41:34 +0700
  [1m[36mActiveRecord::SchemaMigration Load (0.5ms)[0m  [1m[34mSELECT "schema_migrations".* FROM "schema_migrations"[0m
Processing by PageController#home as HTML
  Rendering page/home.html.erb within layouts/application
  [1m[36mUser Load (0.8ms)[0m  [1m[34mSELECT  "users".* FROM "users" WHERE "users"."id" = $1 ORDER BY "users"."id" ASC LIMIT $2[0m  [["id", 1], ["LIMIT", 1]]
  Rendered page/home.html.erb within layouts/application (25.6ms)
Completed 500 Internal Server Error in 427ms (ActiveRecord: 4.8ms)


  
ActionView::Template::Error (undefined method `user_name' for #<User:0x000000032176b0>):
    16:       <p class="alert alert-danger"><%= alert %></p>
    17:     <% end %>
    18: 
    19:     Logged in as <strong><%= current_user.user_name || current_user.email %></strong>.
    20: <%= link_to 'Edit Password', edit_user_registration_path, :class => 'navbar-link' %> |
    21: <%= link_to 'Edit Profile', edit_user_path, :class => 'navbar-link' %> |
    22:     <%= yield %>
  
app/views/layouts/application.html.erb:19:in `_app_views_layouts_application_html_erb___3275297503690160451_28661680'
  Rendering /var/lib/gems/2.3.0/gems/actionpack-5.0.2/lib/action_dispatch/middleware/templates/rescues/template_error.html.erb within rescues/layout
  Rendering /var/lib/gems/2.3.0/gems/actionpack-5.0.2/lib/action_dispatch/middleware/templates/rescues/_source.html.erb
  Rendered /var/lib/gems/2.3.0/gems/actionpack-5.0.2/lib/action_dispatch/middleware/templates/rescues/_source.html.erb (3.8ms)
  Rendering /var/lib/gems/2.3.0/gems/actionpack-5.0.2/lib/action_dispatch/middleware/templates/rescues/_trace.html.erb
  Rendered /var/lib/gems/2.3.0/gems/actionpack-5.0.2/lib/action_dispatch/middleware/templates/rescues/_trace.html.erb (1.6ms)
  Rendering /var/lib/gems/2.3.0/gems/actionpack-5.0.2/lib/action_dispatch/middleware/templates/rescues/_request_and_response.html.erb
  Rendered /var/lib/gems/2.3.0/gems/actionpack-5.0.2/lib/action_dispatch/middleware/templates/rescues/_request_and_response.html.erb (1.2ms)
  Rendered /var/lib/gems/2.3.0/gems/actionpack-5.0.2/lib/action_dispatch/middleware/templates/rescues/template_error.html.erb within rescues/layout (19.5ms)
Started GET "/" for 127.0.0.1 at 2017-04-27 09:42:48 +0700
Processing by PageController#home as HTML
  Rendering page/home.html.erb within layouts/application
  [1m[36mUser Load (0.5ms)[0m  [1m[34mSELECT  "users".* FROM "users" WHERE "users"."id" = $1 ORDER BY "users"."id" ASC LIMIT $2[0m  [["id", 1], ["LIMIT", 1]]
  Rendered page/home.html.erb within layouts/application (2.9ms)
Completed 200 OK in 83ms (Views: 80.3ms | ActiveRecord: 0.5ms)


Started GET "/users/edit" for 127.0.0.1 at 2017-04-27 09:42:58 +0700
Processing by Devise::RegistrationsController#edit as HTML
  [1m[36mUser Load (0.8ms)[0m  [1m[34mSELECT  "users".* FROM "users" WHERE "users"."id" = $1 ORDER BY "users"."id" ASC LIMIT $2[0m  [["id", 1], ["LIMIT", 1]]
  Rendering /var/lib/gems/2.3.0/gems/devise-4.2.0/app/views/devise/registrations/edit.html.erb within layouts/application
  Rendered /var/lib/gems/2.3.0/gems/devise-4.2.0/app/views/devise/registrations/edit.html.erb within layouts/application (19.4ms)
Completed 200 OK in 90ms (Views: 86.6ms | ActiveRecord: 0.8ms)


Started PUT "/users" for 127.0.0.1 at 2017-04-27 09:43:25 +0700
Processing by Devise::RegistrationsController#update as HTML
  Parameters: {"utf8"=>"✓", "authenticity_token"=>"pf08gpev/u54tyvsVeztWbWv1i/4D+ghUWTwhtxY+hjrlpg+ZTJWZZab4whxjIhMxYXjAnxtNpco6zieRqJj5Q==", "user"=>{"email"=>"sky@gmail.com", "password"=>"[FILTERED]", "password_confirmation"=>"[FILTERED]", "current_password"=>"[FILTERED]"}, "commit"=>"Update"}
  [1m[36mUser Load (0.9ms)[0m  [1m[34mSELECT  "users".* FROM "users" WHERE "users"."id" = $1 ORDER BY "users"."id" ASC LIMIT $2[0m  [["id", 1], ["LIMIT", 1]]
  [1m[36mUser Load (0.4ms)[0m  [1m[34mSELECT  "users".* FROM "users" WHERE "users"."id" = $1 LIMIT $2[0m  [["id", 1], ["LIMIT", 1]]
  [1m[35m (0.2ms)[0m  [1m[35mBEGIN[0m
  [1m[35mSQL (0.4ms)[0m  [1m[33mUPDATE "users" SET "encrypted_password" = $1, "updated_at" = $2 WHERE "users"."id" = $3[0m  [["encrypted_password", "$2a$11$KsfGscqzD6qC4GKyUMAGr.2FlL36gUV2aKI3tjphF1rCy1uro6B3q"], ["updated_at", 2017-04-27 02:43:25 UTC], ["id", 1]]
  [1m[35m (33.0ms)[0m  [1m[35mCOMMIT[0m
Redirected to http://localhost:3000/
Completed 302 Found in 358ms (ActiveRecord: 35.4ms)


Started GET "/" for 127.0.0.1 at 2017-04-27 09:43:25 +0700
Processing by PageController#home as HTML
  Rendering page/home.html.erb within layouts/application
  [1m[36mUser Load (0.5ms)[0m  [1m[34mSELECT  "users".* FROM "users" WHERE "users"."id" = $1 ORDER BY "users"."id" ASC LIMIT $2[0m  [["id", 1], ["LIMIT", 1]]
  Rendered page/home.html.erb within layouts/application (3.0ms)
Completed 200 OK in 68ms (Views: 66.0ms | ActiveRecord: 0.5ms)


Started GET "/user/edit" for 127.0.0.1 at 2017-04-27 09:43:29 +0700
Processing by UsersController#edit as HTML
  [1m[36mUser Load (0.6ms)[0m  [1m[34mSELECT  "users".* FROM "users" WHERE "users"."id" = $1 ORDER BY "users"."id" ASC LIMIT $2[0m  [["id", 1], ["LIMIT", 1]]
  Rendering users/edit.html.erb within layouts/application
  Rendered users/edit.html.erb within layouts/application (17.6ms)
Completed 500 Internal Server Error in 26ms (ActiveRecord: 0.6ms)


  
ActionView::Template::Error (undefined method `user_name' for #<User:0x007f7d8a52dc58>):
    14: 
    15:   <div class="field">
    16:     <%= f.label :user_name %><br>
    17:     <%= f.text_field :user_name %>
    18:   </div>
    19:   <div class="field">
    20:     <%= f.label :telephone %><br>
  
app/views/users/edit.html.erb:17:in `block in _app_views_users_edit_html_erb__3709408975199921895_70088584159540'
app/views/users/edit.html.erb:2:in `_app_views_users_edit_html_erb__3709408975199921895_70088584159540'
  Rendering /var/lib/gems/2.3.0/gems/actionpack-5.0.2/lib/action_dispatch/middleware/templates/rescues/template_error.html.erb within rescues/layout
  Rendering /var/lib/gems/2.3.0/gems/actionpack-5.0.2/lib/action_dispatch/middleware/templates/rescues/_source.html.erb
  Rendered /var/lib/gems/2.3.0/gems/actionpack-5.0.2/lib/action_dispatch/middleware/templates/rescues/_source.html.erb (4.2ms)
  Rendering /var/lib/gems/2.3.0/gems/actionpack-5.0.2/lib/action_dispatch/middleware/templates/rescues/_trace.html.erb
  Rendered /var/lib/gems/2.3.0/gems/actionpack-5.0.2/lib/action_dispatch/middleware/templates/rescues/_trace.html.erb (2.1ms)
  Rendering /var/lib/gems/2.3.0/gems/actionpack-5.0.2/lib/action_dispatch/middleware/templates/rescues/_request_and_response.html.erb
  Rendered /var/lib/gems/2.3.0/gems/actionpack-5.0.2/lib/action_dispatch/middleware/templates/rescues/_request_and_response.html.erb (0.6ms)
  Rendered /var/lib/gems/2.3.0/gems/actionpack-5.0.2/lib/action_dispatch/middleware/templates/rescues/template_error.html.erb within rescues/layout (18.9ms)
Started GET "/" for 127.0.0.1 at 2017-04-27 09:43:51 +0700
Processing by PageController#home as HTML
  Rendering page/home.html.erb within layouts/application
  [1m[36mUser Load (0.6ms)[0m  [1m[34mSELECT  "users".* FROM "users" WHERE "users"."id" = $1 ORDER BY "users"."id" ASC LIMIT $2[0m  [["id", 1], ["LIMIT", 1]]
  Rendered page/home.html.erb within layouts/application (3.2ms)
Completed 200 OK in 61ms (Views: 59.4ms | ActiveRecord: 0.6ms)


Started DELETE "/users/sign_out" for 127.0.0.1 at 2017-04-27 09:43:53 +0700
Processing by Devise::SessionsController#destroy as HTML
  Parameters: {"authenticity_token"=>"VDiafEHOicpLXgS57HslCyzXI7v5ICVTFmHjsOfqAvZo1BvLtotn+kSzWl0QYIkf1YAAnBqaSD63pz2QhRzBPg=="}
  [1m[36mUser Load (1.8ms)[0m  [1m[34mSELECT  "users".* FROM "users" WHERE "users"."id" = $1 ORDER BY "users"."id" ASC LIMIT $2[0m  [["id", 1], ["LIMIT", 1]]
  [1m[35m (0.2ms)[0m  [1m[35mBEGIN[0m
  [1m[35m (0.2ms)[0m  [1m[35mCOMMIT[0m
Redirected to http://localhost:3000/
Completed 302 Found in 10ms (ActiveRecord: 2.2ms)


Started GET "/" for 127.0.0.1 at 2017-04-27 09:43:53 +0700
Processing by PageController#home as HTML
  Rendering page/home.html.erb within layouts/application
  Rendered page/home.html.erb within layouts/application (4.9ms)
Completed 200 OK in 61ms (Views: 60.4ms | ActiveRecord: 0.0ms)


Started GET "/users/sign_in" for 127.0.0.1 at 2017-04-27 09:43:58 +0700
Processing by Devise::SessionsController#new as HTML
  Rendering /var/lib/gems/2.3.0/gems/devise-4.2.0/app/views/devise/sessions/new.html.erb within layouts/application
  Rendered /var/lib/gems/2.3.0/gems/devise-4.2.0/app/views/devise/shared/_links.html.erb (1.6ms)
  Rendered /var/lib/gems/2.3.0/gems/devise-4.2.0/app/views/devise/sessions/new.html.erb within layouts/application (9.1ms)
Completed 200 OK in 62ms (Views: 60.0ms | ActiveRecord: 0.0ms)


Started POST "/users/sign_in" for 127.0.0.1 at 2017-04-27 09:44:08 +0700
Processing by Devise::SessionsController#create as HTML
  Parameters: {"utf8"=>"✓", "authenticity_token"=>"w86QyBNL2x0LOY4W8x2aYcLLflbW0899rcGqSI8cyFHombNfNoimWxhZVpTadtAYDNkcHLtKUswl8fXmcF+lww==", "user"=>{"email"=>"sky@gmail.com", "password"=>"[FILTERED]", "remember_me"=>"0"}, "commit"=>"Log in"}
  [1m[36mUser Load (2.0ms)[0m  [1m[34mSELECT  "users".* FROM "users" WHERE "users"."email" = $1 ORDER BY "users"."id" ASC LIMIT $2[0m  [["email", "sky@gmail.com"], ["LIMIT", 1]]
  [1m[35m (0.3ms)[0m  [1m[35mBEGIN[0m
  [1m[35mSQL (0.8ms)[0m  [1m[33mUPDATE "users" SET "current_sign_in_at" = $1, "sign_in_count" = $2, "updated_at" = $3 WHERE "users"."id" = $4[0m  [["current_sign_in_at", 2017-04-27 02:44:08 UTC], ["sign_in_count", 2], ["updated_at", 2017-04-27 02:44:08 UTC], ["id", 1]]
  [1m[35m (16.2ms)[0m  [1m[35mCOMMIT[0m
Redirected to http://localhost:3000/
Completed 302 Found in 214ms (ActiveRecord: 19.3ms)


Started GET "/" for 127.0.0.1 at 2017-04-27 09:44:08 +0700
Processing by PageController#home as HTML
  Rendering page/home.html.erb within layouts/application
  [1m[36mUser Load (1.2ms)[0m  [1m[34mSELECT  "users".* FROM "users" WHERE "users"."id" = $1 ORDER BY "users"."id" ASC LIMIT $2[0m  [["id", 1], ["LIMIT", 1]]
  Rendered page/home.html.erb within layouts/application (3.0ms)
Completed 200 OK in 52ms (Views: 49.1ms | ActiveRecord: 1.2ms)


Started GET "/user/edit" for 127.0.0.1 at 2017-04-27 09:44:12 +0700
Processing by UsersController#edit as HTML
  [1m[36mUser Load (0.7ms)[0m  [1m[34mSELECT  "users".* FROM "users" WHERE "users"."id" = $1 ORDER BY "users"."id" ASC LIMIT $2[0m  [["id", 1], ["LIMIT", 1]]
  Rendering users/edit.html.erb within layouts/application
  Rendered users/edit.html.erb within layouts/application (26.3ms)
Completed 500 Internal Server Error in 34ms (ActiveRecord: 0.7ms)


  
ActionView::Template::Error (undefined method `user_name' for #<User:0x007f7d7c0af298>):
    14: 
    15:   <div class="field">
    16:     <%= f.label :user_name %><br>
    17:     <%= f.text_field :user_name %>
    18:   </div>
    19:   <div class="field">
    20:     <%= f.label :telephone %><br>
  
app/views/users/edit.html.erb:17:in `block in _app_views_users_edit_html_erb__3709408975199921895_70088464362820'
app/views/users/edit.html.erb:2:in `_app_views_users_edit_html_erb__3709408975199921895_70088464362820'
  Rendering /var/lib/gems/2.3.0/gems/actionpack-5.0.2/lib/action_dispatch/middleware/templates/rescues/template_error.html.erb within rescues/layout
  Rendering /var/lib/gems/2.3.0/gems/actionpack-5.0.2/lib/action_dispatch/middleware/templates/rescues/_source.html.erb
  Rendered /var/lib/gems/2.3.0/gems/actionpack-5.0.2/lib/action_dispatch/middleware/templates/rescues/_source.html.erb (10.5ms)
  Rendering /var/lib/gems/2.3.0/gems/actionpack-5.0.2/lib/action_dispatch/middleware/templates/rescues/_trace.html.erb
  Rendered /var/lib/gems/2.3.0/gems/actionpack-5.0.2/lib/action_dispatch/middleware/templates/rescues/_trace.html.erb (1.7ms)
  Rendering /var/lib/gems/2.3.0/gems/actionpack-5.0.2/lib/action_dispatch/middleware/templates/rescues/_request_and_response.html.erb
  Rendered /var/lib/gems/2.3.0/gems/actionpack-5.0.2/lib/action_dispatch/middleware/templates/rescues/_request_and_response.html.erb (0.6ms)
  Rendered /var/lib/gems/2.3.0/gems/actionpack-5.0.2/lib/action_dispatch/middleware/templates/rescues/template_error.html.erb within rescues/layout (25.2ms)
Started GET "/user/edit" for 127.0.0.1 at 2017-04-27 09:45:54 +0700
Processing by UsersController#edit as HTML
  [1m[36mUser Load (0.6ms)[0m  [1m[34mSELECT  "users".* FROM "users" WHERE "users"."id" = $1 ORDER BY "users"."id" ASC LIMIT $2[0m  [["id", 1], ["LIMIT", 1]]
  Rendering users/edit.html.erb within layouts/application
  Rendered users/edit.html.erb within layouts/application (17.3ms)
Completed 500 Internal Server Error in 23ms (ActiveRecord: 0.6ms)


  
ActionView::Template::Error (undefined method `username' for #<User:0x007f7d8a4f49d0>):
    14: 
    15:   <div class="field">
    16:     <%= f.label :username %><br>
    17:     <%= f.text_field :username %>
    18:   </div>
    19:   <div class="field">
    20:     <%= f.label :telephone %><br>
  
app/views/users/edit.html.erb:17:in `block in _app_views_users_edit_html_erb__3709408975199921895_70088584075220'
app/views/users/edit.html.erb:2:in `_app_views_users_edit_html_erb__3709408975199921895_70088584075220'
  Rendering /var/lib/gems/2.3.0/gems/actionpack-5.0.2/lib/action_dispatch/middleware/templates/rescues/template_error.html.erb within rescues/layout
  Rendering /var/lib/gems/2.3.0/gems/actionpack-5.0.2/lib/action_dispatch/middleware/templates/rescues/_source.html.erb
  Rendered /var/lib/gems/2.3.0/gems/actionpack-5.0.2/lib/action_dispatch/middleware/templates/rescues/_source.html.erb (4.7ms)
  Rendering /var/lib/gems/2.3.0/gems/actionpack-5.0.2/lib/action_dispatch/middleware/templates/rescues/_trace.html.erb
  Rendered /var/lib/gems/2.3.0/gems/actionpack-5.0.2/lib/action_dispatch/middleware/templates/rescues/_trace.html.erb (2.4ms)
  Rendering /var/lib/gems/2.3.0/gems/actionpack-5.0.2/lib/action_dispatch/middleware/templates/rescues/_request_and_response.html.erb
  Rendered /var/lib/gems/2.3.0/gems/actionpack-5.0.2/lib/action_dispatch/middleware/templates/rescues/_request_and_response.html.erb (0.7ms)
  Rendered /var/lib/gems/2.3.0/gems/actionpack-5.0.2/lib/action_dispatch/middleware/templates/rescues/template_error.html.erb within rescues/layout (20.3ms)
Started GET "/user/edit" for 127.0.0.1 at 2017-04-27 09:45:55 +0700
Processing by UsersController#edit as HTML
  [1m[36mUser Load (0.9ms)[0m  [1m[34mSELECT  "users".* FROM "users" WHERE "users"."id" = $1 ORDER BY "users"."id" ASC LIMIT $2[0m  [["id", 1], ["LIMIT", 1]]
  Rendering users/edit.html.erb within layouts/application
  Rendered users/edit.html.erb within layouts/application (14.2ms)
Completed 500 Internal Server Error in 20ms (ActiveRecord: 0.9ms)


  
ActionView::Template::Error (undefined method `username' for #<User:0x000000039a8410>):
    14: 
    15:   <div class="field">
    16:     <%= f.label :username %><br>
    17:     <%= f.text_field :username %>
    18:   </div>
    19:   <div class="field">
    20:     <%= f.label :telephone %><br>
  
app/views/users/edit.html.erb:17:in `block in _app_views_users_edit_html_erb__3709408975199921895_30089340'
app/views/users/edit.html.erb:2:in `_app_views_users_edit_html_erb__3709408975199921895_30089340'
  Rendering /var/lib/gems/2.3.0/gems/actionpack-5.0.2/lib/action_dispatch/middleware/templates/rescues/template_error.html.erb within rescues/layout
  Rendering /var/lib/gems/2.3.0/gems/actionpack-5.0.2/lib/action_dispatch/middleware/templates/rescues/_source.html.erb
  Rendered /var/lib/gems/2.3.0/gems/actionpack-5.0.2/lib/action_dispatch/middleware/templates/rescues/_source.html.erb (4.2ms)
  Rendering /var/lib/gems/2.3.0/gems/actionpack-5.0.2/lib/action_dispatch/middleware/templates/rescues/_trace.html.erb
  Rendered /var/lib/gems/2.3.0/gems/actionpack-5.0.2/lib/action_dispatch/middleware/templates/rescues/_trace.html.erb (2.0ms)
  Rendering /var/lib/gems/2.3.0/gems/actionpack-5.0.2/lib/action_dispatch/middleware/templates/rescues/_request_and_response.html.erb
  Rendered /var/lib/gems/2.3.0/gems/actionpack-5.0.2/lib/action_dispatch/middleware/templates/rescues/_request_and_response.html.erb (0.7ms)
  Rendered /var/lib/gems/2.3.0/gems/actionpack-5.0.2/lib/action_dispatch/middleware/templates/rescues/template_error.html.erb within rescues/layout (20.0ms)
Started GET "/user/edit" for 127.0.0.1 at 2017-04-27 09:45:56 +0700
Processing by UsersController#edit as HTML
  [1m[36mUser Load (0.6ms)[0m  [1m[34mSELECT  "users".* FROM "users" WHERE "users"."id" = $1 ORDER BY "users"."id" ASC LIMIT $2[0m  [["id", 1], ["LIMIT", 1]]
  Rendering users/edit.html.erb within layouts/application
  Rendered users/edit.html.erb within layouts/application (16.0ms)
Completed 500 Internal Server Error in 22ms (ActiveRecord: 0.6ms)


  
ActionView::Template::Error (undefined method `username' for #<User:0x007f7d89b71610>):
    14: 
    15:   <div class="field">
    16:     <%= f.label :username %><br>
    17:     <%= f.text_field :username %>
    18:   </div>
    19:   <div class="field">
    20:     <%= f.label :telephone %><br>
  
app/views/users/edit.html.erb:17:in `block in _app_views_users_edit_html_erb__3709408975199921895_70088579022180'
app/views/users/edit.html.erb:2:in `_app_views_users_edit_html_erb__3709408975199921895_70088579022180'
  Rendering /var/lib/gems/2.3.0/gems/actionpack-5.0.2/lib/action_dispatch/middleware/templates/rescues/template_error.html.erb within rescues/layout
  Rendering /var/lib/gems/2.3.0/gems/actionpack-5.0.2/lib/action_dispatch/middleware/templates/rescues/_source.html.erb
  Rendered /var/lib/gems/2.3.0/gems/actionpack-5.0.2/lib/action_dispatch/middleware/templates/rescues/_source.html.erb (4.3ms)
  Rendering /var/lib/gems/2.3.0/gems/actionpack-5.0.2/lib/action_dispatch/middleware/templates/rescues/_trace.html.erb
  Rendered /var/lib/gems/2.3.0/gems/actionpack-5.0.2/lib/action_dispatch/middleware/templates/rescues/_trace.html.erb (2.5ms)
  Rendering /var/lib/gems/2.3.0/gems/actionpack-5.0.2/lib/action_dispatch/middleware/templates/rescues/_request_and_response.html.erb
  Rendered /var/lib/gems/2.3.0/gems/actionpack-5.0.2/lib/action_dispatch/middleware/templates/rescues/_request_and_response.html.erb (0.7ms)
  Rendered /var/lib/gems/2.3.0/gems/actionpack-5.0.2/lib/action_dispatch/middleware/templates/rescues/template_error.html.erb within rescues/layout (20.5ms)
Started GET "/user/edit" for 127.0.0.1 at 2017-04-27 09:45:57 +0700
Processing by UsersController#edit as HTML
  [1m[36mUser Load (0.6ms)[0m  [1m[34mSELECT  "users".* FROM "users" WHERE "users"."id" = $1 ORDER BY "users"."id" ASC LIMIT $2[0m  [["id", 1], ["LIMIT", 1]]
  Rendering users/edit.html.erb within layouts/application
  Rendered users/edit.html.erb within layouts/application (14.1ms)
Completed 500 Internal Server Error in 20ms (ActiveRecord: 0.6ms)


  
ActionView::Template::Error (undefined method `username' for #<User:0x007f7d7c2f4800>):
    14: 
    15:   <div class="field">
    16:     <%= f.label :username %><br>
    17:     <%= f.text_field :username %>
    18:   </div>
    19:   <div class="field">
    20:     <%= f.label :telephone %><br>
  
app/views/users/edit.html.erb:17:in `block in _app_views_users_edit_html_erb__3709408975199921895_70088465348500'
app/views/users/edit.html.erb:2:in `_app_views_users_edit_html_erb__3709408975199921895_70088465348500'
  Rendering /var/lib/gems/2.3.0/gems/actionpack-5.0.2/lib/action_dispatch/middleware/templates/rescues/template_error.html.erb within rescues/layout
  Rendering /var/lib/gems/2.3.0/gems/actionpack-5.0.2/lib/action_dispatch/middleware/templates/rescues/_source.html.erb
  Rendered /var/lib/gems/2.3.0/gems/actionpack-5.0.2/lib/action_dispatch/middleware/templates/rescues/_source.html.erb (5.7ms)
  Rendering /var/lib/gems/2.3.0/gems/actionpack-5.0.2/lib/action_dispatch/middleware/templates/rescues/_trace.html.erb
  Rendered /var/lib/gems/2.3.0/gems/actionpack-5.0.2/lib/action_dispatch/middleware/templates/rescues/_trace.html.erb (1.7ms)
  Rendering /var/lib/gems/2.3.0/gems/actionpack-5.0.2/lib/action_dispatch/middleware/templates/rescues/_request_and_response.html.erb
  Rendered /var/lib/gems/2.3.0/gems/actionpack-5.0.2/lib/action_dispatch/middleware/templates/rescues/_request_and_response.html.erb (0.6ms)
  Rendered /var/lib/gems/2.3.0/gems/actionpack-5.0.2/lib/action_dispatch/middleware/templates/rescues/template_error.html.erb within rescues/layout (21.7ms)
Started GET "/user/edit" for 127.0.0.1 at 2017-04-27 09:45:58 +0700
Processing by UsersController#edit as HTML
  [1m[36mUser Load (0.9ms)[0m  [1m[34mSELECT  "users".* FROM "users" WHERE "users"."id" = $1 ORDER BY "users"."id" ASC LIMIT $2[0m  [["id", 1], ["LIMIT", 1]]
  Rendering users/edit.html.erb within layouts/application
  Rendered users/edit.html.erb within layouts/application (17.5ms)
Completed 500 Internal Server Error in 25ms (ActiveRecord: 0.9ms)


  
ActionView::Template::Error (undefined method `username' for #<User:0x007f7d702999e8>):
    14: 
    15:   <div class="field">
    16:     <%= f.label :username %><br>
    17:     <%= f.text_field :username %>
    18:   </div>
    19:   <div class="field">
    20:     <%= f.label :telephone %><br>
  
app/views/users/edit.html.erb:17:in `block in _app_views_users_edit_html_erb__3709408975199921895_70088465792960'
app/views/users/edit.html.erb:2:in `_app_views_users_edit_html_erb__3709408975199921895_70088465792960'
  Rendering /var/lib/gems/2.3.0/gems/actionpack-5.0.2/lib/action_dispatch/middleware/templates/rescues/template_error.html.erb within rescues/layout
  Rendering /var/lib/gems/2.3.0/gems/actionpack-5.0.2/lib/action_dispatch/middleware/templates/rescues/_source.html.erb
  Rendered /var/lib/gems/2.3.0/gems/actionpack-5.0.2/lib/action_dispatch/middleware/templates/rescues/_source.html.erb (5.2ms)
  Rendering /var/lib/gems/2.3.0/gems/actionpack-5.0.2/lib/action_dispatch/middleware/templates/rescues/_trace.html.erb
  Rendered /var/lib/gems/2.3.0/gems/actionpack-5.0.2/lib/action_dispatch/middleware/templates/rescues/_trace.html.erb (1.8ms)
  Rendering /var/lib/gems/2.3.0/gems/actionpack-5.0.2/lib/action_dispatch/middleware/templates/rescues/_request_and_response.html.erb
  Rendered /var/lib/gems/2.3.0/gems/actionpack-5.0.2/lib/action_dispatch/middleware/templates/rescues/_request_and_response.html.erb (0.7ms)
  Rendered /var/lib/gems/2.3.0/gems/actionpack-5.0.2/lib/action_dispatch/middleware/templates/rescues/template_error.html.erb within rescues/layout (21.2ms)
Started GET "/" for 127.0.0.1 at 2017-04-27 09:47:32 +0700
Processing by PageController#home as HTML
  Rendering page/home.html.erb within layouts/application
  [1m[36mUser Load (1.5ms)[0m  [1m[34mSELECT  "users".* FROM "users" WHERE "users"."id" = $1 ORDER BY "users"."id" ASC LIMIT $2[0m  [["id", 1], ["LIMIT", 1]]
  Rendered page/home.html.erb within layouts/application (4.9ms)
Completed 200 OK in 75ms (Views: 70.4ms | ActiveRecord: 1.5ms)


Started GET "/users/edit" for 127.0.0.1 at 2017-04-27 09:47:35 +0700
Processing by Devise::RegistrationsController#edit as HTML
  [1m[36mUser Load (0.6ms)[0m  [1m[34mSELECT  "users".* FROM "users" WHERE "users"."id" = $1 ORDER BY "users"."id" ASC LIMIT $2[0m  [["id", 1], ["LIMIT", 1]]
  Rendering /var/lib/gems/2.3.0/gems/devise-4.2.0/app/views/devise/registrations/edit.html.erb within layouts/application
  Rendered /var/lib/gems/2.3.0/gems/devise-4.2.0/app/views/devise/registrations/edit.html.erb within layouts/application (5.5ms)
Completed 200 OK in 66ms (Views: 62.7ms | ActiveRecord: 0.6ms)


Started GET "/users/edit" for 127.0.0.1 at 2017-04-27 09:47:38 +0700
Processing by Devise::RegistrationsController#edit as HTML
  [1m[36mUser Load (0.7ms)[0m  [1m[34mSELECT  "users".* FROM "users" WHERE "users"."id" = $1 ORDER BY "users"."id" ASC LIMIT $2[0m  [["id", 1], ["LIMIT", 1]]
  Rendering /var/lib/gems/2.3.0/gems/devise-4.2.0/app/views/devise/registrations/edit.html.erb within layouts/application
  Rendered /var/lib/gems/2.3.0/gems/devise-4.2.0/app/views/devise/registrations/edit.html.erb within layouts/application (6.5ms)
Completed 200 OK in 89ms (Views: 84.5ms | ActiveRecord: 0.7ms)


Started GET "/user/edit" for 127.0.0.1 at 2017-04-27 09:47:41 +0700
Processing by UsersController#edit as HTML
  [1m[36mUser Load (0.7ms)[0m  [1m[34mSELECT  "users".* FROM "users" WHERE "users"."id" = $1 ORDER BY "users"."id" ASC LIMIT $2[0m  [["id", 1], ["LIMIT", 1]]
  Rendering users/edit.html.erb within layouts/application
  Rendered users/edit.html.erb within layouts/application (22.1ms)
Completed 500 Internal Server Error in 29ms (ActiveRecord: 0.7ms)


  
ActionView::Template::Error (undefined method `username' for #<User:0x00000003272a10>):
    14: 
    15:   <div class="field">
    16:     <%= f.label :username %><br>
    17:     <%= f.text_field :username %>
    18:   </div>
    19:   <div class="field">
    20:     <%= f.label :telephone %><br>
  
app/views/users/edit.html.erb:17:in `block in _app_views_users_edit_html_erb__3709408975199921895_26319620'
app/views/users/edit.html.erb:2:in `_app_views_users_edit_html_erb__3709408975199921895_26319620'
  Rendering /var/lib/gems/2.3.0/gems/actionpack-5.0.2/lib/action_dispatch/middleware/templates/rescues/template_error.html.erb within rescues/layout
  Rendering /var/lib/gems/2.3.0/gems/actionpack-5.0.2/lib/action_dispatch/middleware/templates/rescues/_source.html.erb
  Rendered /var/lib/gems/2.3.0/gems/actionpack-5.0.2/lib/action_dispatch/middleware/templates/rescues/_source.html.erb (4.2ms)
  Rendering /var/lib/gems/2.3.0/gems/actionpack-5.0.2/lib/action_dispatch/middleware/templates/rescues/_trace.html.erb
  Rendered /var/lib/gems/2.3.0/gems/actionpack-5.0.2/lib/action_dispatch/middleware/templates/rescues/_trace.html.erb (2.0ms)
  Rendering /var/lib/gems/2.3.0/gems/actionpack-5.0.2/lib/action_dispatch/middleware/templates/rescues/_request_and_response.html.erb
  Rendered /var/lib/gems/2.3.0/gems/actionpack-5.0.2/lib/action_dispatch/middleware/templates/rescues/_request_and_response.html.erb (0.7ms)
  Rendered /var/lib/gems/2.3.0/gems/actionpack-5.0.2/lib/action_dispatch/middleware/templates/rescues/template_error.html.erb within rescues/layout (19.1ms)
Started GET "/" for 127.0.0.1 at 2017-04-27 09:47:45 +0700
Processing by PageController#home as HTML
  Rendering page/home.html.erb within layouts/application
  [1m[36mUser Load (0.5ms)[0m  [1m[34mSELECT  "users".* FROM "users" WHERE "users"."id" = $1 ORDER BY "users"."id" ASC LIMIT $2[0m  [["id", 1], ["LIMIT", 1]]
  Rendered page/home.html.erb within layouts/application (3.9ms)
Completed 200 OK in 68ms (Views: 66.0ms | ActiveRecord: 0.5ms)


Started GET "/users/edit" for 127.0.0.1 at 2017-04-27 09:49:23 +0700
Processing by Devise::RegistrationsController#edit as HTML
  [1m[36mUser Load (0.7ms)[0m  [1m[34mSELECT  "users".* FROM "users" WHERE "users"."id" = $1 ORDER BY "users"."id" ASC LIMIT $2[0m  [["id", 1], ["LIMIT", 1]]
  Rendering /var/lib/gems/2.3.0/gems/devise-4.2.0/app/views/devise/registrations/edit.html.erb within layouts/application
  Rendered /var/lib/gems/2.3.0/gems/devise-4.2.0/app/views/devise/registrations/edit.html.erb within layouts/application (7.6ms)
Completed 200 OK in 80ms (Views: 76.2ms | ActiveRecord: 0.7ms)


Started GET "/" for 127.0.0.1 at 2017-04-27 09:50:12 +0700
Processing by PageController#home as HTML
  Rendering page/home.html.erb within layouts/application
  [1m[36mUser Load (0.8ms)[0m  [1m[34mSELECT  "users".* FROM "users" WHERE "users"."id" = $1 ORDER BY "users"."id" ASC LIMIT $2[0m  [["id", 1], ["LIMIT", 1]]
  Rendered page/home.html.erb within layouts/application (3.8ms)
Completed 200 OK in 55ms (Views: 53.0ms | ActiveRecord: 0.8ms)


Started GET "/" for 127.0.0.1 at 2017-04-27 09:50:13 +0700
Processing by PageController#home as HTML
  Rendering page/home.html.erb within layouts/application
  [1m[36mUser Load (0.6ms)[0m  [1m[34mSELECT  "users".* FROM "users" WHERE "users"."id" = $1 ORDER BY "users"."id" ASC LIMIT $2[0m  [["id", 1], ["LIMIT", 1]]
  Rendered page/home.html.erb within layouts/application (4.1ms)
Completed 200 OK in 80ms (Views: 77.8ms | ActiveRecord: 0.6ms)


Started GET "/user/edit" for 127.0.0.1 at 2017-04-27 09:50:14 +0700
Processing by UsersController#edit as HTML
  [1m[36mUser Load (0.7ms)[0m  [1m[34mSELECT  "users".* FROM "users" WHERE "users"."id" = $1 ORDER BY "users"."id" ASC LIMIT $2[0m  [["id", 1], ["LIMIT", 1]]
  Rendering users/edit.html.erb within layouts/application
  Rendered users/edit.html.erb within layouts/application (20.1ms)
Completed 500 Internal Server Error in 27ms (ActiveRecord: 0.7ms)


  
ActionView::Template::Error (undefined method `username' for #<User:0x007f7d8a4b0eb0>):
    14: 
    15:   <!-- <div class="field">
    16:     <%= f.label :username %><br>
    17:     <%= f.text_field :username %>
    18:   </div> -->
    19:   <div class="field">
    20:     <%= f.label :email %><br>
  
app/views/users/edit.html.erb:17:in `block in _app_views_users_edit_html_erb__3709408975199921895_70088583887200'
app/views/users/edit.html.erb:2:in `_app_views_users_edit_html_erb__3709408975199921895_70088583887200'
  Rendering /var/lib/gems/2.3.0/gems/actionpack-5.0.2/lib/action_dispatch/middleware/templates/rescues/template_error.html.erb within rescues/layout
  Rendering /var/lib/gems/2.3.0/gems/actionpack-5.0.2/lib/action_dispatch/middleware/templates/rescues/_source.html.erb
  Rendered /var/lib/gems/2.3.0/gems/actionpack-5.0.2/lib/action_dispatch/middleware/templates/rescues/_source.html.erb (4.3ms)
  Rendering /var/lib/gems/2.3.0/gems/actionpack-5.0.2/lib/action_dispatch/middleware/templates/rescues/_trace.html.erb
  Rendered /var/lib/gems/2.3.0/gems/actionpack-5.0.2/lib/action_dispatch/middleware/templates/rescues/_trace.html.erb (2.5ms)
  Rendering /var/lib/gems/2.3.0/gems/actionpack-5.0.2/lib/action_dispatch/middleware/templates/rescues/_request_and_response.html.erb
  Rendered /var/lib/gems/2.3.0/gems/actionpack-5.0.2/lib/action_dispatch/middleware/templates/rescues/_request_and_response.html.erb (0.7ms)
  Rendered /var/lib/gems/2.3.0/gems/actionpack-5.0.2/lib/action_dispatch/middleware/templates/rescues/template_error.html.erb within rescues/layout (19.8ms)
Started GET "/user/edit" for 127.0.0.1 at 2017-04-27 09:50:26 +0700
Processing by UsersController#edit as HTML
  [1m[36mUser Load (0.7ms)[0m  [1m[34mSELECT  "users".* FROM "users" WHERE "users"."id" = $1 ORDER BY "users"."id" ASC LIMIT $2[0m  [["id", 1], ["LIMIT", 1]]
  Rendering users/edit.html.erb within layouts/application
  Rendered users/edit.html.erb within layouts/application (3.3ms)
Completed 200 OK in 74ms (Views: 69.9ms | ActiveRecord: 0.7ms)


Started GET "/user/edit" for 127.0.0.1 at 2017-04-27 09:50:41 +0700
Processing by UsersController#edit as HTML
  [1m[36mUser Load (0.5ms)[0m  [1m[34mSELECT  "users".* FROM "users" WHERE "users"."id" = $1 ORDER BY "users"."id" ASC LIMIT $2[0m  [["id", 1], ["LIMIT", 1]]
  Rendering users/edit.html.erb within layouts/application
  Rendered users/edit.html.erb within layouts/application (2.9ms)
Completed 200 OK in 50ms (Views: 47.4ms | ActiveRecord: 0.5ms)


Started GET "/user/edit" for 127.0.0.1 at 2017-04-27 09:51:27 +0700
Processing by UsersController#edit as HTML
  [1m[36mUser Load (0.6ms)[0m  [1m[34mSELECT  "users".* FROM "users" WHERE "users"."id" = $1 ORDER BY "users"."id" ASC LIMIT $2[0m  [["id", 1], ["LIMIT", 1]]
  Rendering users/edit.html.erb within layouts/application
  Rendered users/edit.html.erb within layouts/application (3.4ms)
Completed 200 OK in 62ms (Views: 58.0ms | ActiveRecord: 0.6ms)


Started GET "/user/edit" for 127.0.0.1 at 2017-04-27 09:51:28 +0700
Processing by UsersController#edit as HTML
  [1m[36mUser Load (0.6ms)[0m  [1m[34mSELECT  "users".* FROM "users" WHERE "users"."id" = $1 ORDER BY "users"."id" ASC LIMIT $2[0m  [["id", 1], ["LIMIT", 1]]
  Rendering users/edit.html.erb within layouts/application
  Rendered users/edit.html.erb within layouts/application (3.7ms)
Completed 200 OK in 77ms (Views: 73.7ms | ActiveRecord: 0.6ms)


Started GET "/user/edit" for 127.0.0.1 at 2017-04-27 09:51:28 +0700
Processing by UsersController#edit as HTML
  [1m[36mUser Load (0.6ms)[0m  [1m[34mSELECT  "users".* FROM "users" WHERE "users"."id" = $1 ORDER BY "users"."id" ASC LIMIT $2[0m  [["id", 1], ["LIMIT", 1]]
  Rendering users/edit.html.erb within layouts/application
  Rendered users/edit.html.erb within layouts/application (4.4ms)
Completed 200 OK in 65ms (Views: 61.6ms | ActiveRecord: 0.6ms)


Started GET "/user/edit" for 127.0.0.1 at 2017-04-27 09:51:29 +0700
Processing by UsersController#edit as HTML
  [1m[36mUser Load (0.5ms)[0m  [1m[34mSELECT  "users".* FROM "users" WHERE "users"."id" = $1 ORDER BY "users"."id" ASC LIMIT $2[0m  [["id", 1], ["LIMIT", 1]]
  Rendering users/edit.html.erb within layouts/application
  Rendered users/edit.html.erb within layouts/application (4.1ms)
Completed 200 OK in 52ms (Views: 49.5ms | ActiveRecord: 0.5ms)


Started GET "/user/edit" for 127.0.0.1 at 2017-04-27 09:51:29 +0700
Processing by UsersController#edit as HTML
  [1m[36mUser Load (0.3ms)[0m  [1m[34mSELECT  "users".* FROM "users" WHERE "users"."id" = $1 ORDER BY "users"."id" ASC LIMIT $2[0m  [["id", 1], ["LIMIT", 1]]
  Rendering users/edit.html.erb within layouts/application
  Rendered users/edit.html.erb within layouts/application (1.9ms)
Completed 200 OK in 45ms (Views: 43.6ms | ActiveRecord: 0.3ms)


Started GET "/user/edit" for 127.0.0.1 at 2017-04-27 09:51:29 +0700
Processing by UsersController#edit as HTML
  [1m[36mUser Load (0.4ms)[0m  [1m[34mSELECT  "users".* FROM "users" WHERE "users"."id" = $1 ORDER BY "users"."id" ASC LIMIT $2[0m  [["id", 1], ["LIMIT", 1]]
  Rendering users/edit.html.erb within layouts/application
  Rendered users/edit.html.erb within layouts/application (2.3ms)
Completed 200 OK in 58ms (Views: 54.7ms | ActiveRecord: 0.4ms)


Started GET "/user/edit" for 127.0.0.1 at 2017-04-27 09:51:29 +0700
Processing by UsersController#edit as HTML
  [1m[36mUser Load (0.4ms)[0m  [1m[34mSELECT  "users".* FROM "users" WHERE "users"."id" = $1 ORDER BY "users"."id" ASC LIMIT $2[0m  [["id", 1], ["LIMIT", 1]]
  Rendering users/edit.html.erb within layouts/application
  Rendered users/edit.html.erb within layouts/application (2.7ms)
Completed 200 OK in 47ms (Views: 45.2ms | ActiveRecord: 0.4ms)


Started GET "/user/edit" for 127.0.0.1 at 2017-04-27 09:51:29 +0700
Processing by UsersController#edit as HTML
  [1m[36mUser Load (0.3ms)[0m  [1m[34mSELECT  "users".* FROM "users" WHERE "users"."id" = $1 ORDER BY "users"."id" ASC LIMIT $2[0m  [["id", 1], ["LIMIT", 1]]
  Rendering users/edit.html.erb within layouts/application
  Rendered users/edit.html.erb within layouts/application (2.7ms)
Completed 200 OK in 47ms (Views: 45.2ms | ActiveRecord: 0.3ms)


Started GET "/user/edit" for 127.0.0.1 at 2017-04-27 09:52:07 +0700
Processing by UsersController#edit as HTML
  [1m[36mUser Load (0.5ms)[0m  [1m[34mSELECT  "users".* FROM "users" WHERE "users"."id" = $1 ORDER BY "users"."id" ASC LIMIT $2[0m  [["id", 1], ["LIMIT", 1]]
  Rendering users/edit.html.erb within layouts/application
  Rendered users/edit.html.erb within layouts/application (2.6ms)
Completed 200 OK in 72ms (Views: 56.6ms | ActiveRecord: 0.5ms)


Started GET "/user/edit" for 127.0.0.1 at 2017-04-27 09:52:08 +0700
Processing by UsersController#edit as HTML
  [1m[36mUser Load (0.5ms)[0m  [1m[34mSELECT  "users".* FROM "users" WHERE "users"."id" = $1 ORDER BY "users"."id" ASC LIMIT $2[0m  [["id", 1], ["LIMIT", 1]]
  Rendering users/edit.html.erb within layouts/application
  Rendered users/edit.html.erb within layouts/application (3.1ms)
Completed 200 OK in 72ms (Views: 67.4ms | ActiveRecord: 0.5ms)


Started GET "/user/edit" for 127.0.0.1 at 2017-04-27 09:52:14 +0700
Processing by UsersController#edit as HTML
  [1m[36mUser Load (0.7ms)[0m  [1m[34mSELECT  "users".* FROM "users" WHERE "users"."id" = $1 ORDER BY "users"."id" ASC LIMIT $2[0m  [["id", 1], ["LIMIT", 1]]
  Rendering users/edit.html.erb within layouts/application
  Rendered users/edit.html.erb within layouts/application (17.8ms)
Completed 500 Internal Server Error in 27ms (ActiveRecord: 0.7ms)


  
ActionView::Template::Error (undefined method `mail' for #<User:0x000000010ddee0>
Did you mean?  email):
    18:   </div>
    19:   <div class="field">
    20:     <%= f.label :mail %><br>
    21:     <%= f.text_field :mail %>
    22:   </div>
    23:   <div class="actions">
    24:     <%= f.submit %>
  
app/views/users/edit.html.erb:21:in `block in _app_views_users_edit_html_erb__3709408975199921895_7426800'
app/views/users/edit.html.erb:2:in `_app_views_users_edit_html_erb__3709408975199921895_7426800'
  Rendering /var/lib/gems/2.3.0/gems/actionpack-5.0.2/lib/action_dispatch/middleware/templates/rescues/template_error.html.erb within rescues/layout
  Rendering /var/lib/gems/2.3.0/gems/actionpack-5.0.2/lib/action_dispatch/middleware/templates/rescues/_source.html.erb
  Rendered /var/lib/gems/2.3.0/gems/actionpack-5.0.2/lib/action_dispatch/middleware/templates/rescues/_source.html.erb (4.3ms)
  Rendering /var/lib/gems/2.3.0/gems/actionpack-5.0.2/lib/action_dispatch/middleware/templates/rescues/_trace.html.erb
  Rendered /var/lib/gems/2.3.0/gems/actionpack-5.0.2/lib/action_dispatch/middleware/templates/rescues/_trace.html.erb (2.2ms)
  Rendering /var/lib/gems/2.3.0/gems/actionpack-5.0.2/lib/action_dispatch/middleware/templates/rescues/_request_and_response.html.erb
  Rendered /var/lib/gems/2.3.0/gems/actionpack-5.0.2/lib/action_dispatch/middleware/templates/rescues/_request_and_response.html.erb (0.6ms)
  Rendered /var/lib/gems/2.3.0/gems/actionpack-5.0.2/lib/action_dispatch/middleware/templates/rescues/template_error.html.erb within rescues/layout (20.1ms)
Started GET "/user/edit" for 127.0.0.1 at 2017-04-27 09:52:19 +0700
Processing by UsersController#edit as HTML
  [1m[36mUser Load (1.3ms)[0m  [1m[34mSELECT  "users".* FROM "users" WHERE "users"."id" = $1 ORDER BY "users"."id" ASC LIMIT $2[0m  [["id", 1], ["LIMIT", 1]]
  Rendering users/edit.html.erb within layouts/application
  Rendered users/edit.html.erb within layouts/application (3.3ms)
Completed 200 OK in 59ms (Views: 55.4ms | ActiveRecord: 1.3ms)


Started GET "/user/edit" for 127.0.0.1 at 2017-04-27 09:54:41 +0700
Processing by UsersController#edit as HTML
  [1m[36mUser Load (0.7ms)[0m  [1m[34mSELECT  "users".* FROM "users" WHERE "users"."id" = $1 ORDER BY "users"."id" ASC LIMIT $2[0m  [["id", 1], ["LIMIT", 1]]
  Rendering users/edit.html.erb within layouts/application
  Rendered users/edit.html.erb within layouts/application (15.2ms)
Completed 200 OK in 79ms (Views: 75.2ms | ActiveRecord: 0.7ms)


Started PATCH "/user.1" for 127.0.0.1 at 2017-04-27 09:54:58 +0700
Processing by UsersController#update as 
  Parameters: {"utf8"=>"✓", "authenticity_token"=>"33wPlo9kb4Cz5XslWv7CIfb2qhWIIbIYNo/qWTkwrC2M8wazSCQfkURaIAhOA1fbMZLvnQ5cOWFmyXgmLUfR8Q==", "user"=>{"name"=>"toila sky", "email"=>"sky@gmail.com", "age"=>"18"}, "commit"=>"Update User"}
  [1m[36mUser Load (0.8ms)[0m  [1m[34mSELECT  "users".* FROM "users" WHERE "users"."id" = $1 ORDER BY "users"."id" ASC LIMIT $2[0m  [["id", 1], ["LIMIT", 1]]
Unpermitted parameter: age
  [1m[35m (0.8ms)[0m  [1m[35mBEGIN[0m
  [1m[35mSQL (0.5ms)[0m  [1m[33mUPDATE "users" SET "name" = $1, "updated_at" = $2 WHERE "users"."id" = $3[0m  [["name", "toila sky"], ["updated_at", 2017-04-27 02:54:58 UTC], ["id", 1]]
  [1m[35m (19.3ms)[0m  [1m[35mCOMMIT[0m
Redirected to http://localhost:3000/
Completed 302 Found in 32ms (ActiveRecord: 21.5ms)


Started GET "/" for 127.0.0.1 at 2017-04-27 09:54:58 +0700
Processing by PageController#home as HTML
  Rendering page/home.html.erb within layouts/application
  [1m[36mUser Load (0.5ms)[0m  [1m[34mSELECT  "users".* FROM "users" WHERE "users"."id" = $1 ORDER BY "users"."id" ASC LIMIT $2[0m  [["id", 1], ["LIMIT", 1]]
  Rendered page/home.html.erb within layouts/application (3.4ms)
Completed 200 OK in 68ms (Views: 66.3ms | ActiveRecord: 0.5ms)


Started GET "/" for 127.0.0.1 at 2017-04-27 09:55:02 +0700
Processing by PageController#home as HTML
  Rendering page/home.html.erb within layouts/application
  [1m[36mUser Load (0.5ms)[0m  [1m[34mSELECT  "users".* FROM "users" WHERE "users"."id" = $1 ORDER BY "users"."id" ASC LIMIT $2[0m  [["id", 1], ["LIMIT", 1]]
  Rendered page/home.html.erb within layouts/application (3.1ms)
Completed 200 OK in 62ms (Views: 59.8ms | ActiveRecord: 0.5ms)


Started GET "/user/edit" for 127.0.0.1 at 2017-04-27 09:55:04 +0700
Processing by UsersController#edit as HTML
  [1m[36mUser Load (0.9ms)[0m  [1m[34mSELECT  "users".* FROM "users" WHERE "users"."id" = $1 ORDER BY "users"."id" ASC LIMIT $2[0m  [["id", 1], ["LIMIT", 1]]
  Rendering users/edit.html.erb within layouts/application
  Rendered users/edit.html.erb within layouts/application (6.0ms)
Completed 200 OK in 78ms (Views: 73.9ms | ActiveRecord: 0.9ms)


Started PATCH "/user.1" for 127.0.0.1 at 2017-04-27 09:55:10 +0700
Processing by UsersController#update as 
  Parameters: {"utf8"=>"✓", "authenticity_token"=>"X/I/JrhyUtCpnJcny+PXtXh2KGhZusa5j6BS+5gsvxrLvpOA0IZbWh6hpOfqZE43afD611pkPTipVF8bThOCYQ==", "user"=>{"name"=>"toila sky", "email"=>"sky@gmail.com", "age"=>"32"}, "commit"=>"Update User"}
  [1m[36mUser Load (0.6ms)[0m  [1m[34mSELECT  "users".* FROM "users" WHERE "users"."id" = $1 ORDER BY "users"."id" ASC LIMIT $2[0m  [["id", 1], ["LIMIT", 1]]
Unpermitted parameter: age
  [1m[35m (0.2ms)[0m  [1m[35mBEGIN[0m
  [1m[35m (0.2ms)[0m  [1m[35mCOMMIT[0m
Redirected to http://localhost:3000/
Completed 302 Found in 10ms (ActiveRecord: 1.0ms)


Started GET "/" for 127.0.0.1 at 2017-04-27 09:55:10 +0700
Processing by PageController#home as HTML
  Rendering page/home.html.erb within layouts/application
  [1m[36mUser Load (0.6ms)[0m  [1m[34mSELECT  "users".* FROM "users" WHERE "users"."id" = $1 ORDER BY "users"."id" ASC LIMIT $2[0m  [["id", 1], ["LIMIT", 1]]
  Rendered page/home.html.erb within layouts/application (5.1ms)
Completed 200 OK in 82ms (Views: 79.7ms | ActiveRecord: 0.6ms)


Started GET "/user/edit" for 127.0.0.1 at 2017-04-27 09:55:11 +0700
Processing by UsersController#edit as HTML
  [1m[36mUser Load (0.6ms)[0m  [1m[34mSELECT  "users".* FROM "users" WHERE "users"."id" = $1 ORDER BY "users"."id" ASC LIMIT $2[0m  [["id", 1], ["LIMIT", 1]]
  Rendering users/edit.html.erb within layouts/application
  Rendered users/edit.html.erb within layouts/application (7.0ms)
Completed 200 OK in 68ms (Views: 63.1ms | ActiveRecord: 0.6ms)


Started PATCH "/user.1" for 127.0.0.1 at 2017-04-27 09:55:15 +0700
Processing by UsersController#update as 
  Parameters: {"utf8"=>"✓", "authenticity_token"=>"8YIMdWKbAO+c18C7OPOWeySPof/z56n4fhUdjJA8I6BlzqDTCm8JZSvq83sZdA/5NQlzQPA5UnlY4RBsRgMe2w==", "user"=>{"name"=>"toila sky", "email"=>"sky@gmail.com", "age"=>"9"}, "commit"=>"Update User"}
  [1m[36mUser Load (0.7ms)[0m  [1m[34mSELECT  "users".* FROM "users" WHERE "users"."id" = $1 ORDER BY "users"."id" ASC LIMIT $2[0m  [["id", 1], ["LIMIT", 1]]
Unpermitted parameter: age
  [1m[35m (0.2ms)[0m  [1m[35mBEGIN[0m
  [1m[35m (0.2ms)[0m  [1m[35mCOMMIT[0m
Redirected to http://localhost:3000/
Completed 302 Found in 8ms (ActiveRecord: 1.1ms)


Started GET "/" for 127.0.0.1 at 2017-04-27 09:55:15 +0700
Processing by PageController#home as HTML
  Rendering page/home.html.erb within layouts/application
  [1m[36mUser Load (0.6ms)[0m  [1m[34mSELECT  "users".* FROM "users" WHERE "users"."id" = $1 ORDER BY "users"."id" ASC LIMIT $2[0m  [["id", 1], ["LIMIT", 1]]
  Rendered page/home.html.erb within layouts/application (3.1ms)
Completed 200 OK in 59ms (Views: 57.2ms | ActiveRecord: 0.6ms)


Started GET "/users/edit" for 127.0.0.1 at 2017-04-27 09:55:17 +0700
Processing by Devise::RegistrationsController#edit as HTML
  [1m[36mUser Load (1.3ms)[0m  [1m[34mSELECT  "users".* FROM "users" WHERE "users"."id" = $1 ORDER BY "users"."id" ASC LIMIT $2[0m  [["id", 1], ["LIMIT", 1]]
  Rendering /var/lib/gems/2.3.0/gems/devise-4.2.0/app/views/devise/registrations/edit.html.erb within layouts/application
  Rendered /var/lib/gems/2.3.0/gems/devise-4.2.0/app/views/devise/registrations/edit.html.erb within layouts/application (6.0ms)
Completed 200 OK in 71ms (Views: 66.8ms | ActiveRecord: 1.3ms)


Started GET "/user/edit" for 127.0.0.1 at 2017-04-27 09:55:20 +0700
Processing by UsersController#edit as HTML
  [1m[36mUser Load (0.7ms)[0m  [1m[34mSELECT  "users".* FROM "users" WHERE "users"."id" = $1 ORDER BY "users"."id" ASC LIMIT $2[0m  [["id", 1], ["LIMIT", 1]]
  Rendering users/edit.html.erb within layouts/application
  Rendered users/edit.html.erb within layouts/application (5.9ms)
Completed 200 OK in 82ms (Views: 78.0ms | ActiveRecord: 0.7ms)


